<?xml version="1.0" encoding="UTF-8"?>
<testsuite name="com.apress.isf.java.test.MyDocumentsTest" tests="2" skipped="0" failures="0" errors="0" timestamp="2017-07-31T09:32:27" hostname="ip-10-50-111-240.ap-northeast-2.compute.internal" time="0.001">
  <properties/>
  <testcase name="testFindByType" classname="com.apress.isf.java.test.MyDocumentsTest" time="0.001"/>
  <testcase name="testListAll" classname="com.apress.isf.java.test.MyDocumentsTest" time="0.0"/>
  <system-out><![CDATA[]]></system-out>
  <system-err><![CDATA[]]></system-err>
</testsuite>
